8月 18, 2023 11:41:13 下午 com.github.unidbg.linux.ARM64SyscallHandler fstatat64
警告: fstatat64 dirfd=-100, pathname=F:/data/user/0/com.tencent.mobileqq/files/.system_android_l2, statbuf=RW@0x40eacf88, flags=0
8月 18, 2023 11:41:14 下午 com.github.unidbg.linux.ARM64SyscallHandler fstatat64
警告: fstatat64 dirfd=-100, pathname=F:/data/user/0/com.tencent.mobileqq/files/.system_android_l2, statbuf=RW@0x40ead048, flags=0
8月 18, 2023 11:41:14 下午 moe.fuqiuluo.unidbg.env.FileResolver resolve
警告: Couldn't find file: /data/app/~~vbcRLwPxS0GyVfqT-nCYrQ==/com.tencent.mobileqq-xJKJPVp9lorkCgR_w5zhyA==/base.apk
8月 18, 2023 11:41:14 下午 moe.fuqiuluo.unidbg.env.FileResolver resolve
警告: Couldn't find file: /proc/meminfo
8月 18, 2023 11:41:14 下午 moe.fuqiuluo.unidbg.env.FileResolver resolve
警告: Couldn't find file: /proc/cpuinfo
8月 18, 2023 11:41:14 下午 com.github.unidbg.linux.AndroidSyscallHandler getPipePair
信息: Return default pipe pair.
8月 18, 2023 11:41:14 下午 com.github.unidbg.linux.ARM64SyscallHandler fork
信息: fork
8月 18, 2023 11:41:14 下午 moe.fuqiuluo.unidbg.env.FileResolver resolve
警告: Couldn't find file: /proc/self/cmdline
8月 18, 2023 11:41:14 下午 moe.fuqiuluo.unidbg.env.FileResolver resolve
警告: Couldn't find file: /data/app/~~vbcRLwPxS0GyVfqT-nCYrQ==/com.tencent.mobileqq-xJKJPVp9lorkCgR_w5zhyA==/lib/arm64
8月 21, 2023 9:53:05 上午 moe.fuqiuluo.unidbg.env.FileResolver resolve
警告: Couldn't find file: /data/app/~~vbcRLwPxS0GyVfqT-nCYrQ==/com.tencent.mobileqq-xJKJPVp9lorkCgR_w5zhyA==/base.apk
8月 21, 2023 9:53:05 上午 moe.fuqiuluo.unidbg.env.FileResolver resolve
警告: Couldn't find file: /proc/meminfo
8月 21, 2023 9:53:05 上午 moe.fuqiuluo.unidbg.env.FileResolver resolve
警告: Couldn't find file: /proc/cpuinfo
8月 21, 2023 9:53:06 上午 com.github.unidbg.linux.AndroidSyscallHandler getPipePair
信息: Return default pipe pair.
8月 21, 2023 9:53:06 上午 com.github.unidbg.linux.ARM64SyscallHandler fork
信息: fork
8月 21, 2023 9:53:06 上午 moe.fuqiuluo.unidbg.env.FileResolver resolve
警告: Couldn't find file: /proc/self/cmdline
8月 21, 2023 9:53:06 上午 moe.fuqiuluo.unidbg.env.FileResolver resolve
警告: Couldn't find file: /data/app/~~vbcRLwPxS0GyVfqT-nCYrQ==/com.tencent.mobileqq-xJKJPVp9lorkCgR_w5zhyA==/lib/arm64
